[2021-06-20T22:15:48.598] [DEBUG] cheese - login => username:zs,password:123456
[2021-06-20T22:15:48.605] [DEBUG] cheese - zs
[2021-06-20T22:15:48.612] [DEBUG] cheese - null
[2021-06-20T22:15:48.613] [DEBUG] cheese - null
[2021-06-20T22:16:31.649] [DEBUG] cheese - login => username:admin,password:123456
[2021-06-20T22:16:31.650] [DEBUG] cheese - admin
[2021-06-20T22:16:31.653] [DEBUG] cheese - null
[2021-06-20T22:16:31.653] [DEBUG] cheese - null
[2021-06-26T12:11:56.467] [DEBUG] cheese - login => username:35465,password:465316546546
[2021-06-26T12:11:56.468] [DEBUG] cheese - 35465
[2021-06-26T12:11:56.527] [DEBUG] cheese - null
[2021-06-26T12:11:56.527] [DEBUG] cheese - null
[2021-06-26T12:13:09.626] [DEBUG] cheese - login => username:34533,password:6543131
[2021-06-26T12:13:09.626] [DEBUG] cheese - 34533
[2021-06-26T12:13:09.627] [DEBUG] cheese - null
[2021-06-26T12:13:09.627] [DEBUG] cheese - null
[2021-06-26T12:14:49.131] [DEBUG] cheese - login => username:ssfdsdf,password:sdfcxvx
[2021-06-26T12:14:49.131] [DEBUG] cheese - ssfdsdf
[2021-06-26T12:14:49.133] [DEBUG] cheese - null
[2021-06-26T12:14:49.133] [DEBUG] cheese - null
[2021-06-26T12:17:59.024] [DEBUG] cheese - login => username:31353,password:546431231
[2021-06-26T12:17:59.024] [DEBUG] cheese - 31353
[2021-06-26T12:17:59.026] [DEBUG] cheese - null
[2021-06-26T12:17:59.027] [DEBUG] cheese - null
[2021-06-26T12:18:19.072] [DEBUG] cheese - login => username:admin,password:123456
[2021-06-26T12:18:19.072] [DEBUG] cheese - admin
[2021-06-26T12:18:19.076] [DEBUG] cheese - null
[2021-06-26T12:18:19.076] [DEBUG] cheese - null
[2021-06-26T12:27:08.105] [DEBUG] cheese - login => username:afasdfs,password:sfvxvx
[2021-06-26T12:27:08.105] [DEBUG] cheese - afasdfs
[2021-06-26T12:27:08.107] [DEBUG] cheese - null
[2021-06-26T12:27:08.107] [DEBUG] cheese - null
[2021-06-26T12:27:16.540] [DEBUG] cheese - login => username:admin,password:123456
[2021-06-26T12:27:16.540] [DEBUG] cheese - admin
[2021-06-26T12:27:16.542] [DEBUG] cheese - null
[2021-06-26T12:27:16.542] [DEBUG] cheese - null
[2021-06-26T13:21:08.255] [DEBUG] cheese - login => username:admin,password:123456
[2021-06-26T13:21:08.256] [DEBUG] cheese - admin
[2021-06-26T13:21:08.258] [DEBUG] cheese - null
[2021-06-26T13:21:08.258] [DEBUG] cheese - null
[2021-06-26T16:53:32.989] [DEBUG] cheese - login => username:admin,password:123456
[2021-06-26T16:53:32.989] [DEBUG] cheese - admin
[2021-06-26T16:53:32.991] [DEBUG] cheese - null
[2021-06-26T16:53:32.992] [DEBUG] cheese - null
[2021-06-26T17:07:59.995] [DEBUG] cheese - login => username:admin,password:123456
[2021-06-26T17:07:59.995] [DEBUG] cheese - admin
[2021-06-26T17:07:59.997] [DEBUG] cheese - null
[2021-06-26T17:07:59.997] [DEBUG] cheese - null
[2021-06-26T17:15:01.558] [DEBUG] cheese - login => username:admin,password:123456
[2021-06-26T17:15:01.558] [DEBUG] cheese - admin
[2021-06-26T17:15:01.565] [DEBUG] cheese - null
[2021-06-26T17:15:01.566] [DEBUG] cheese - null
[2021-06-26T17:37:05.299] [DEBUG] cheese - login => username:admin,password:123456
[2021-06-26T17:37:05.299] [DEBUG] cheese - admin
[2021-06-26T17:37:05.301] [DEBUG] cheese - null
[2021-06-26T17:37:05.301] [DEBUG] cheese - null
[2021-06-26T18:09:09.221] [DEBUG] cheese - login => username:admin,password:123456
[2021-06-26T18:09:09.222] [DEBUG] cheese - admin
[2021-06-26T18:09:09.224] [DEBUG] cheese - null
[2021-06-26T18:09:09.224] [DEBUG] cheese - null
[2021-06-26T18:15:33.505] [DEBUG] cheese - login => username:admin,password:123456
[2021-06-26T18:15:33.505] [DEBUG] cheese - admin
[2021-06-26T18:15:33.507] [DEBUG] cheese - null
[2021-06-26T18:15:33.507] [DEBUG] cheese - null
[2021-06-26T18:26:32.997] [DEBUG] cheese - login => username:admin,password:123456
[2021-06-26T18:26:32.997] [DEBUG] cheese - admin
[2021-06-26T18:26:32.999] [DEBUG] cheese - null
[2021-06-26T18:26:32.999] [DEBUG] cheese - null
[2021-06-26T18:29:18.696] [DEBUG] cheese - login => username:admin,password:123456
[2021-06-26T18:29:18.696] [DEBUG] cheese - admin
[2021-06-26T18:29:18.698] [DEBUG] cheese - null
[2021-06-26T18:29:18.698] [DEBUG] cheese - null
[2021-06-27T15:07:50.924] [DEBUG] cheese - login => username:admin,password:123456
[2021-06-27T15:07:50.934] [DEBUG] cheese - admin
[2021-06-27T15:07:51.088] [DEBUG] cheese - null
[2021-06-27T15:07:51.089] [DEBUG] cheese - null
[2021-06-27T15:07:55.718] [DEBUG] cheese - login => username:admin,password:123456
[2021-06-27T15:07:55.718] [DEBUG] cheese - admin
[2021-06-27T15:07:55.720] [DEBUG] cheese - null
[2021-06-27T15:07:55.721] [DEBUG] cheese - null
[2021-06-27T16:37:44.881] [DEBUG] cheese - login => username:admin,password:123456
[2021-06-27T16:37:44.881] [DEBUG] cheese - admin
[2021-06-27T16:37:44.883] [DEBUG] cheese - null
[2021-06-27T16:37:44.883] [DEBUG] cheese - null
[2021-06-29T22:02:11.492] [DEBUG] cheese - login => username:admin,password:123456
[2021-06-29T22:02:11.493] [DEBUG] cheese - admin
[2021-06-29T22:02:11.686] [DEBUG] cheese - null
[2021-06-29T22:02:11.687] [DEBUG] cheese - null
